This is pdfTeX, Version 3.1415926-2.4-1.40.13 (TeX Live 2012/Debian) (format=pdflatex 2014.2.19)  11 JUN 2014 15:30
entering extended mode
 restricted \write18 enabled.
 %&-line parsing enabled.
**Treball.tex
(./Treball.tex
LaTeX2e <2011/06/27>
Babel <v3.8m> and hyphenation patterns for english, dumylang, nohyphenation, et
hiopic, farsi, arabic, pinyin, croatian, bulgarian, ukrainian, russian, slovak,
 czech, danish, dutch, usenglishmax, ukenglish, finnish, french, basque, ngerma
n, german, swissgerman, ngerman-x-2012-05-30, german-x-2012-05-30, monogreek, g
reek, ibycus, ancientgreek, hungarian, bengali, tamil, hindi, telugu, gujarati,
 sanskrit, malayalam, kannada, assamese, marathi, oriya, panjabi, italian, lati
n, latvian, lithuanian, mongolian, mongolianlmc, nynorsk, bokmal, indonesian, e
speranto, coptic, welsh, irish, interlingua, serbian, serbianc, slovenian, friu
lan, romansh, estonian, romanian, armenian, uppersorbian, turkish, afrikaans, i
celandic, kurmanji, polish, portuguese, galician, catalan, spanish, swedish, lo
aded.
(/usr/share/texlive/texmf-dist/tex/latex/base/article.cls
Document Class: article 2007/10/19 v1.4h Standard LaTeX document class
(/usr/share/texlive/texmf-dist/tex/latex/base/size12.clo
File: size12.clo 2007/10/19 v1.4h Standard LaTeX file (size option)
)
\c@part=\count79
\c@section=\count80
\c@subsection=\count81
\c@subsubsection=\count82
\c@paragraph=\count83
\c@subparagraph=\count84
\c@figure=\count85
\c@table=\count86
\abovecaptionskip=\skip41
\belowcaptionskip=\skip42
\bibindent=\dimen102
)
(/usr/share/texlive/texmf-dist/tex/latex/base/inputenc.sty
Package: inputenc 2008/03/30 v1.1d Input encoding file
\inpenc@prehook=\toks14
\inpenc@posthook=\toks15

(/usr/share/texlive/texmf-dist/tex/latex/base/utf8.def
File: utf8.def 2008/04/05 v1.1m UTF-8 support for inputenc
Now handling font encoding OML ...
... no UTF-8 mapping file for font encoding OML
Now handling font encoding T1 ...
... processing UTF-8 mapping file for font encoding T1

(/usr/share/texlive/texmf-dist/tex/latex/base/t1enc.dfu
File: t1enc.dfu 2008/04/05 v1.1m UTF-8 support for inputenc
   defining Unicode char U+00A1 (decimal 161)
   defining Unicode char U+00A3 (decimal 163)
   defining Unicode char U+00AB (decimal 171)
   defining Unicode char U+00BB (decimal 187)
   defining Unicode char U+00BF (decimal 191)
   defining Unicode char U+00C0 (decimal 192)
   defining Unicode char U+00C1 (decimal 193)
   defining Unicode char U+00C2 (decimal 194)
   defining Unicode char U+00C3 (decimal 195)
   defining Unicode char U+00C4 (decimal 196)
   defining Unicode char U+00C5 (decimal 197)
   defining Unicode char U+00C6 (decimal 198)
   defining Unicode char U+00C7 (decimal 199)
   defining Unicode char U+00C8 (decimal 200)
   defining Unicode char U+00C9 (decimal 201)
   defining Unicode char U+00CA (decimal 202)
   defining Unicode char U+00CB (decimal 203)
   defining Unicode char U+00CC (decimal 204)
   defining Unicode char U+00CD (decimal 205)
   defining Unicode char U+00CE (decimal 206)
   defining Unicode char U+00CF (decimal 207)
   defining Unicode char U+00D0 (decimal 208)
   defining Unicode char U+00D1 (decimal 209)
   defining Unicode char U+00D2 (decimal 210)
   defining Unicode char U+00D3 (decimal 211)
   defining Unicode char U+00D4 (decimal 212)
   defining Unicode char U+00D5 (decimal 213)
   defining Unicode char U+00D6 (decimal 214)
   defining Unicode char U+00D8 (decimal 216)
   defining Unicode char U+00D9 (decimal 217)
   defining Unicode char U+00DA (decimal 218)
   defining Unicode char U+00DB (decimal 219)
   defining Unicode char U+00DC (decimal 220)
   defining Unicode char U+00DD (decimal 221)
   defining Unicode char U+00DE (decimal 222)
   defining Unicode char U+00DF (decimal 223)
   defining Unicode char U+00E0 (decimal 224)
   defining Unicode char U+00E1 (decimal 225)
   defining Unicode char U+00E2 (decimal 226)
   defining Unicode char U+00E3 (decimal 227)
   defining Unicode char U+00E4 (decimal 228)
   defining Unicode char U+00E5 (decimal 229)
   defining Unicode char U+00E6 (decimal 230)
   defining Unicode char U+00E7 (decimal 231)
   defining Unicode char U+00E8 (decimal 232)
   defining Unicode char U+00E9 (decimal 233)
   defining Unicode char U+00EA (decimal 234)
   defining Unicode char U+00EB (decimal 235)
   defining Unicode char U+00EC (decimal 236)
   defining Unicode char U+00ED (decimal 237)
   defining Unicode char U+00EE (decimal 238)
   defining Unicode char U+00EF (decimal 239)
   defining Unicode char U+00F0 (decimal 240)
   defining Unicode char U+00F1 (decimal 241)
   defining Unicode char U+00F2 (decimal 242)
   defining Unicode char U+00F3 (decimal 243)
   defining Unicode char U+00F4 (decimal 244)
   defining Unicode char U+00F5 (decimal 245)
   defining Unicode char U+00F6 (decimal 246)
   defining Unicode char U+00F8 (decimal 248)
   defining Unicode char U+00F9 (decimal 249)
   defining Unicode char U+00FA (decimal 250)
   defining Unicode char U+00FB (decimal 251)
   defining Unicode char U+00FC (decimal 252)
   defining Unicode char U+00FD (decimal 253)
   defining Unicode char U+00FE (decimal 254)
   defining Unicode char U+00FF (decimal 255)
   defining Unicode char U+0102 (decimal 258)
   defining Unicode char U+0103 (decimal 259)
   defining Unicode char U+0104 (decimal 260)
   defining Unicode char U+0105 (decimal 261)
   defining Unicode char U+0106 (decimal 262)
   defining Unicode char U+0107 (decimal 263)
   defining Unicode char U+010C (decimal 268)
   defining Unicode char U+010D (decimal 269)
   defining Unicode char U+010E (decimal 270)
   defining Unicode char U+010F (decimal 271)
   defining Unicode char U+0110 (decimal 272)
   defining Unicode char U+0111 (decimal 273)
   defining Unicode char U+0118 (decimal 280)
   defining Unicode char U+0119 (decimal 281)
   defining Unicode char U+011A (decimal 282)
   defining Unicode char U+011B (decimal 283)
   defining Unicode char U+011E (decimal 286)
   defining Unicode char U+011F (decimal 287)
   defining Unicode char U+0130 (decimal 304)
   defining Unicode char U+0131 (decimal 305)
   defining Unicode char U+0132 (decimal 306)
   defining Unicode char U+0133 (decimal 307)
   defining Unicode char U+0139 (decimal 313)
   defining Unicode char U+013A (decimal 314)
   defining Unicode char U+013D (decimal 317)
   defining Unicode char U+013E (decimal 318)
   defining Unicode char U+0141 (decimal 321)
   defining Unicode char U+0142 (decimal 322)
   defining Unicode char U+0143 (decimal 323)
   defining Unicode char U+0144 (decimal 324)
   defining Unicode char U+0147 (decimal 327)
   defining Unicode char U+0148 (decimal 328)
   defining Unicode char U+014A (decimal 330)
   defining Unicode char U+014B (decimal 331)
   defining Unicode char U+0150 (decimal 336)
   defining Unicode char U+0151 (decimal 337)
   defining Unicode char U+0152 (decimal 338)
   defining Unicode char U+0153 (decimal 339)
   defining Unicode char U+0154 (decimal 340)
   defining Unicode char U+0155 (decimal 341)
   defining Unicode char U+0158 (decimal 344)
   defining Unicode char U+0159 (decimal 345)
   defining Unicode char U+015A (decimal 346)
   defining Unicode char U+015B (decimal 347)
   defining Unicode char U+015E (decimal 350)
   defining Unicode char U+015F (decimal 351)
   defining Unicode char U+0160 (decimal 352)
   defining Unicode char U+0161 (decimal 353)
   defining Unicode char U+0162 (decimal 354)
   defining Unicode char U+0163 (decimal 355)
   defining Unicode char U+0164 (decimal 356)
   defining Unicode char U+0165 (decimal 357)
   defining Unicode char U+016E (decimal 366)
   defining Unicode char U+016F (decimal 367)
   defining Unicode char U+0170 (decimal 368)
   defining Unicode char U+0171 (decimal 369)
   defining Unicode char U+0178 (decimal 376)
   defining Unicode char U+0179 (decimal 377)
   defining Unicode char U+017A (decimal 378)
   defining Unicode char U+017B (decimal 379)
   defining Unicode char U+017C (decimal 380)
   defining Unicode char U+017D (decimal 381)
   defining Unicode char U+017E (decimal 382)
   defining Unicode char U+200C (decimal 8204)
   defining Unicode char U+2013 (decimal 8211)
   defining Unicode char U+2014 (decimal 8212)
   defining Unicode char U+2018 (decimal 8216)
   defining Unicode char U+2019 (decimal 8217)
   defining Unicode char U+201A (decimal 8218)
   defining Unicode char U+201C (decimal 8220)
   defining Unicode char U+201D (decimal 8221)
   defining Unicode char U+201E (decimal 8222)
   defining Unicode char U+2030 (decimal 8240)
   defining Unicode char U+2031 (decimal 8241)
   defining Unicode char U+2039 (decimal 8249)
   defining Unicode char U+203A (decimal 8250)
   defining Unicode char U+2423 (decimal 9251)
)
Now handling font encoding OT1 ...
... processing UTF-8 mapping file for font encoding OT1

(/usr/share/texlive/texmf-dist/tex/latex/base/ot1enc.dfu
File: ot1enc.dfu 2008/04/05 v1.1m UTF-8 support for inputenc
   defining Unicode char U+00A1 (decimal 161)
   defining Unicode char U+00A3 (decimal 163)
   defining Unicode char U+00B8 (decimal 184)
   defining Unicode char U+00BF (decimal 191)
   defining Unicode char U+00C5 (decimal 197)
   defining Unicode char U+00C6 (decimal 198)
   defining Unicode char U+00D8 (decimal 216)
   defining Unicode char U+00DF (decimal 223)
   defining Unicode char U+00E6 (decimal 230)
   defining Unicode char U+00EC (decimal 236)
   defining Unicode char U+00ED (decimal 237)
   defining Unicode char U+00EE (decimal 238)
   defining Unicode char U+00EF (decimal 239)
   defining Unicode char U+00F8 (decimal 248)
   defining Unicode char U+0131 (decimal 305)
   defining Unicode char U+0141 (decimal 321)
   defining Unicode char U+0142 (decimal 322)
   defining Unicode char U+0152 (decimal 338)
   defining Unicode char U+0153 (decimal 339)
   defining Unicode char U+2013 (decimal 8211)
   defining Unicode char U+2014 (decimal 8212)
   defining Unicode char U+2018 (decimal 8216)
   defining Unicode char U+2019 (decimal 8217)
   defining Unicode char U+201C (decimal 8220)
   defining Unicode char U+201D (decimal 8221)
)
Now handling font encoding OMS ...
... processing UTF-8 mapping file for font encoding OMS

(/usr/share/texlive/texmf-dist/tex/latex/base/omsenc.dfu
File: omsenc.dfu 2008/04/05 v1.1m UTF-8 support for inputenc
   defining Unicode char U+00A7 (decimal 167)
   defining Unicode char U+00B6 (decimal 182)
   defining Unicode char U+00B7 (decimal 183)
   defining Unicode char U+2020 (decimal 8224)
   defining Unicode char U+2021 (decimal 8225)
   defining Unicode char U+2022 (decimal 8226)
)
Now handling font encoding OMX ...
... no UTF-8 mapping file for font encoding OMX
Now handling font encoding U ...
... no UTF-8 mapping file for font encoding U
   defining Unicode char U+00A9 (decimal 169)
   defining Unicode char U+00AA (decimal 170)
   defining Unicode char U+00AE (decimal 174)
   defining Unicode char U+00BA (decimal 186)
   defining Unicode char U+02C6 (decimal 710)
   defining Unicode char U+02DC (decimal 732)
   defining Unicode char U+200C (decimal 8204)
   defining Unicode char U+2026 (decimal 8230)
   defining Unicode char U+2122 (decimal 8482)
   defining Unicode char U+2423 (decimal 9251)
))
(/var/lib/texmf/tex/generic/babel/babel.sty
Package: babel 2008/07/08 v3.8m The Babel package

(/usr/share/texlive/texmf-dist/tex/generic/babel/catalan.ldf
Language: catalan 2005/03/29 v2.2p Catalan support from the babel system

(/usr/share/texlive/texmf-dist/tex/generic/babel/babel.def
File: babel.def 2008/07/08 v3.8m Babel common definitions
\babel@savecnt=\count87
\U@D=\dimen103
)
Package babel Info: Making " an active character on input line 91.
Warning: You are using encoding OT1 instead of T1.
Some word breaks will not be found.
\leftllkern=\dimen104
\rightllkern=\dimen105
\raiselldim=\dimen106
))
(/usr/share/texlive/texmf-dist/tex/latex/hyperref/hyperref.sty
Package: hyperref 2012/05/13 v6.82q Hypertext links for LaTeX

(/usr/share/texlive/texmf-dist/tex/generic/oberdiek/hobsub-hyperref.sty
Package: hobsub-hyperref 2012/05/28 v1.13 Bundle oberdiek, subset hyperref (HO)


(/usr/share/texlive/texmf-dist/tex/generic/oberdiek/hobsub-generic.sty
Package: hobsub-generic 2012/05/28 v1.13 Bundle oberdiek, subset generic (HO)
Package: hobsub 2012/05/28 v1.13 Construct package bundles (HO)
Package: infwarerr 2010/04/08 v1.3 Providing info/warning/error messages (HO)
Package: ltxcmds 2011/11/09 v1.22 LaTeX kernel commands for general use (HO)
Package: ifluatex 2010/03/01 v1.3 Provides the ifluatex switch (HO)
Package ifluatex Info: LuaTeX not detected.
Package: ifvtex 2010/03/01 v1.5 Detect VTeX and its facilities (HO)
Package ifvtex Info: VTeX not detected.
Package: intcalc 2007/09/27 v1.1 Expandable calculations with integers (HO)
Package: ifpdf 2011/01/30 v2.3 Provides the ifpdf switch (HO)
Package ifpdf Info: pdfTeX in PDF mode is detected.
Package: etexcmds 2011/02/16 v1.5 Avoid name clashes with e-TeX commands (HO)
Package etexcmds Info: Could not find \expanded.
(etexcmds)             That can mean that you are not using pdfTeX 1.50 or
(etexcmds)             that some package has redefined \expanded.
(etexcmds)             In the latter case, load this package earlier.
Package: kvsetkeys 2012/04/25 v1.16 Key value parser (HO)
Package: kvdefinekeys 2011/04/07 v1.3 Define keys (HO)
Package: pdftexcmds 2011/11/29 v0.20 Utility functions of pdfTeX for LuaTeX (HO
)
Package pdftexcmds Info: LuaTeX not detected.
Package pdftexcmds Info: \pdf@primitive is available.
Package pdftexcmds Info: \pdf@ifprimitive is available.
Package pdftexcmds Info: \pdfdraftmode found.
Package: pdfescape 2011/11/25 v1.13 Implements pdfTeX's escape features (HO)
Package: bigintcalc 2012/04/08 v1.3 Expandable calculations on big integers (HO
)
Package: bitset 2011/01/30 v1.1 Handle bit-vector datatype (HO)
Package: uniquecounter 2011/01/30 v1.2 Provide unlimited unique counter (HO)
)
Package hobsub Info: Skipping package `hobsub' (already loaded).
Package: letltxmacro 2010/09/02 v1.4 Let assignment for LaTeX macros (HO)
Package: hopatch 2012/05/28 v1.2 Wrapper for package hooks (HO)
Package: xcolor-patch 2011/01/30 xcolor patch
Package: atveryend 2011/06/30 v1.8 Hooks at the very end of document (HO)
Package atveryend Info: \enddocument detected (standard20110627).
Package: atbegshi 2011/10/05 v1.16 At begin shipout hook (HO)
Package: refcount 2011/10/16 v3.4 Data extraction from label references (HO)
Package: hycolor 2011/01/30 v1.7 Color options for hyperref/bookmark (HO)
)
(/usr/share/texlive/texmf-dist/tex/latex/graphics/keyval.sty
Package: keyval 1999/03/16 v1.13 key=value parser (DPC)
\KV@toks@=\toks16
)
(/usr/share/texlive/texmf-dist/tex/generic/ifxetex/ifxetex.sty
Package: ifxetex 2010/09/12 v0.6 Provides ifxetex conditional
)
(/usr/share/texlive/texmf-dist/tex/latex/oberdiek/kvoptions.sty
Package: kvoptions 2011/06/30 v3.11 Key value format for package options (HO)
)
\@linkdim=\dimen107
\Hy@linkcounter=\count88
\Hy@pagecounter=\count89

(/usr/share/texlive/texmf-dist/tex/latex/hyperref/pd1enc.def
File: pd1enc.def 2012/05/13 v6.82q Hyperref: PDFDocEncoding definition (HO)
Now handling font encoding PD1 ...
... no UTF-8 mapping file for font encoding PD1
)
\Hy@SavedSpaceFactor=\count90

(/usr/share/texlive/texmf-dist/tex/latex/latexconfig/hyperref.cfg
File: hyperref.cfg 2002/06/06 v1.2 hyperref configuration of TeXLive
)
Package hyperref Info: Option `final' set `true' on input line 3941.
Package hyperref Info: Hyper figures OFF on input line 4062.
Package hyperref Info: Link nesting OFF on input line 4067.
Package hyperref Info: Hyper index ON on input line 4070.
Package hyperref Info: Plain pages OFF on input line 4077.
Package hyperref Info: Backreferencing OFF on input line 4082.
Package hyperref Info: Implicit mode ON; LaTeX internals redefined.
Package hyperref Info: Bookmarks ON on input line 4300.
\c@Hy@tempcnt=\count91

(/usr/share/texlive/texmf-dist/tex/latex/url/url.sty
\Urlmuskip=\muskip10
Package: url 2006/04/12  ver 3.3  Verb mode for urls, etc.
)
LaTeX Info: Redefining \url on input line 4653.
\Fld@menulength=\count92
\Field@Width=\dimen108
\Fld@charsize=\dimen109
Package hyperref Info: Hyper figures OFF on input line 5773.
Package hyperref Info: Link nesting OFF on input line 5778.
Package hyperref Info: Hyper index ON on input line 5781.
Package hyperref Info: backreferencing OFF on input line 5788.
Package hyperref Info: Link coloring OFF on input line 5793.
Package hyperref Info: Link coloring with OCG OFF on input line 5798.
Package hyperref Info: PDF/A mode OFF on input line 5803.
LaTeX Info: Redefining \ref on input line 5843.
LaTeX Info: Redefining \pageref on input line 5847.
\Hy@abspage=\count93
\c@Item=\count94
\c@Hfootnote=\count95
)

Package hyperref Message: Driver (autodetected): hpdftex.

(/usr/share/texlive/texmf-dist/tex/latex/hyperref/hpdftex.def
File: hpdftex.def 2012/05/13 v6.82q Hyperref driver for pdfTeX
\Fld@listcount=\count96
\c@bookmark@seq@number=\count97

(/usr/share/texlive/texmf-dist/tex/latex/oberdiek/rerunfilecheck.sty
Package: rerunfilecheck 2011/04/15 v1.7 Rerun checks for auxiliary files (HO)
Package uniquecounter Info: New unique counter `rerunfilecheck' on input line 2
82.
)
\Hy@SectionHShift=\skip43
)
(/usr/share/texlive/texmf-dist/tex/latex/setspace/setspace.sty
Package: setspace 2011/12/19 v6.7a set line spacing
)
(/usr/share/texlive/texmf-dist/tex/latex/amsmath/amsmath.sty
Package: amsmath 2000/07/18 v2.13 AMS math features
\@mathmargin=\skip44

For additional information on amsmath, use the `?' option.
(/usr/share/texlive/texmf-dist/tex/latex/amsmath/amstext.sty
Package: amstext 2000/06/29 v2.01

(/usr/share/texlive/texmf-dist/tex/latex/amsmath/amsgen.sty
File: amsgen.sty 1999/11/30 v2.0
\@emptytoks=\toks17
\ex@=\dimen110
))
(/usr/share/texlive/texmf-dist/tex/latex/amsmath/amsbsy.sty
Package: amsbsy 1999/11/29 v1.2d
\pmbraise@=\dimen111
)
(/usr/share/texlive/texmf-dist/tex/latex/amsmath/amsopn.sty
Package: amsopn 1999/12/14 v2.01 operator names
)
\inf@bad=\count98
LaTeX Info: Redefining \frac on input line 211.
\uproot@=\count99
\leftroot@=\count100
LaTeX Info: Redefining \overline on input line 307.
\classnum@=\count101
\DOTSCASE@=\count102
LaTeX Info: Redefining \ldots on input line 379.
LaTeX Info: Redefining \dots on input line 382.
LaTeX Info: Redefining \cdots on input line 467.
\Mathstrutbox@=\box26
\strutbox@=\box27
\big@size=\dimen112
LaTeX Font Info:    Redeclaring font encoding OML on input line 567.
LaTeX Font Info:    Redeclaring font encoding OMS on input line 568.
\macc@depth=\count103
\c@MaxMatrixCols=\count104
\dotsspace@=\muskip11
\c@parentequation=\count105
\dspbrk@lvl=\count106
\tag@help=\toks18
\row@=\count107
\column@=\count108
\maxfields@=\count109
\andhelp@=\toks19
\eqnshift@=\dimen113
\alignsep@=\dimen114
\tagshift@=\dimen115
\tagwidth@=\dimen116
\totwidth@=\dimen117
\lineht@=\dimen118
\@envbody=\toks20
\multlinegap=\skip45
\multlinetaggap=\skip46
\mathdisplay@stack=\toks21
LaTeX Info: Redefining \[ on input line 2666.
LaTeX Info: Redefining \] on input line 2667.
)
(/usr/share/texlive/texmf-dist/tex/latex/amsfonts/amssymb.sty
Package: amssymb 2009/06/22 v3.00

(/usr/share/texlive/texmf-dist/tex/latex/amsfonts/amsfonts.sty
Package: amsfonts 2009/06/22 v3.00 Basic AMSFonts support
\symAMSa=\mathgroup4
\symAMSb=\mathgroup5
LaTeX Font Info:    Overwriting math alphabet `\mathfrak' in version `bold'
(Font)                  U/euf/m/n --> U/euf/b/n on input line 96.
))
(/usr/share/texlive/texmf-dist/tex/latex/multirow/multirow.sty
\bigstrutjot=\dimen119
)
(/usr/share/texlive/texmf-dist/tex/latex/graphics/graphicx.sty
Package: graphicx 1999/02/16 v1.0f Enhanced LaTeX Graphics (DPC,SPQR)

(/usr/share/texlive/texmf-dist/tex/latex/graphics/graphics.sty
Package: graphics 2009/02/05 v1.0o Standard LaTeX Graphics (DPC,SPQR)

(/usr/share/texlive/texmf-dist/tex/latex/graphics/trig.sty
Package: trig 1999/03/16 v1.09 sin cos tan (DPC)
)
(/usr/share/texlive/texmf-dist/tex/latex/latexconfig/graphics.cfg
File: graphics.cfg 2010/04/23 v1.9 graphics configuration of TeX Live
)
Package graphics Info: Driver file: pdftex.def on input line 91.

(/usr/share/texlive/texmf-dist/tex/latex/pdftex-def/pdftex.def
File: pdftex.def 2011/05/27 v0.06d Graphics/color for pdfTeX
\Gread@gobject=\count110
))
\Gin@req@height=\dimen120
\Gin@req@width=\dimen121
)
(/usr/share/texlive/texmf-dist/tex/latex/caption/caption.sty
Package: caption 2012/02/19 v3.2f Customizing captions (AR)

(/usr/share/texlive/texmf-dist/tex/latex/caption/caption3.sty
Package: caption3 2012/01/12 v1.4b caption3 kernel (AR)
\captionmargin=\dimen122
\captionmargin@=\dimen123
\captionwidth=\dimen124
\caption@indent=\dimen125
\caption@parindent=\dimen126
\caption@hangindent=\dimen127
)
\c@ContinuedFloat=\count111
Package caption Info: hyperref package is loaded.
)
(/usr/share/texlive/texmf-dist/tex/latex/caption/subcaption.sty
Package: subcaption 2012/01/12 v1.1d Sub-captions (AR)
\c@subfigure=\count112
\c@subtable=\count113
)
(/usr/share/texlive/texmf-dist/tex/latex/framed/framed.sty
Package: framed 2011/10/22 v 0.96: framed or shaded text with page breaks
\OuterFrameSep=\skip47
\fb@frw=\dimen128
\fb@frh=\dimen129
\FrameRule=\dimen130
\FrameSep=\dimen131
)
(/usr/share/texlive/texmf-dist/tex/latex/easylist/easylist.sty
Package: easylist 2010/02/28 v.1.3 Numbered items with a single command.
\el@CounterTotal=\count114
\el@Scratch=\count115
\el@ControlCounter=\count116
\el@CounterLevel=\count117
\c@List1=\count118
\c@List2=\count119
\c@List3=\count120
\c@List4=\count121
\c@List5=\count122
\c@List6=\count123
\c@List7=\count124
\c@List8=\count125
\c@List9=\count126
\c@List10=\count127
\el@ProgressiveDimension=\dimen132
\el@CounterBox=\box28
\el@ControlBox=\box29
\el@TotalMargin=\dimen133
\el@LeftMove=\dimen134
)
(/usr/share/texlive/texmf-dist/tex/latex/tools/array.sty
Package: array 2008/09/09 v2.4c Tabular extension package (FMi)
\col@sep=\dimen135
\extrarowheight=\dimen136
\NC@list=\toks22
\extratabsurround=\skip48
\backup@length=\skip49
)
(/usr/share/texlive/texmf-dist/tex/latex/tabulary/tabulary.sty
Package: tabulary 2008/12/01 v0.9 tabulary package (DPC)
\TY@count=\count128
\TY@linewidth=\dimen137
\tymin=\dimen138
\tymax=\dimen139
\TY@tablewidth=\dimen140
)
(/usr/share/texlive/texmf-dist/tex/latex/float/float.sty
Package: float 2001/11/08 v1.3d Float enhancements (AL)
\c@float@type=\count129
\float@exts=\toks23
\float@box=\box30
\@float@everytoks=\toks24
\@floatcapt=\box31
)
(/usr/share/texlive/texmf-dist/tex/latex/geometry/geometry.sty
Package: geometry 2010/09/12 v5.6 Page Geometry
\Gm@cnth=\count130
\Gm@cntv=\count131
\c@Gm@tempcnt=\count132
\Gm@bindingoffset=\dimen141
\Gm@wd@mp=\dimen142
\Gm@odd@mp=\dimen143
\Gm@even@mp=\dimen144
\Gm@layoutwidth=\dimen145
\Gm@layoutheight=\dimen146
\Gm@layouthoffset=\dimen147
\Gm@layoutvoffset=\dimen148
\Gm@dimlist=\toks25
)
(/usr/share/texlive/texmf-dist/tex/latex/appendix/appendix.sty
Package: appendix 2009/09/02 v1.2b extra appendix facilities
\c@@pps=\count133
\c@@ppsavesec=\count134
\c@@ppsaveapp=\count135
)
(/usr/share/texlive/texmf-dist/tex/latex/imakeidx/imakeidx.sty
Package: imakeidx 2012/05/09 v1.1 Package for typesetting indices in a synchron
ous mode

(/usr/share/texlive/texmf-dist/tex/latex/xkeyval/xkeyval.sty
Package: xkeyval 2008/08/13 v2.6a package option processing (HA)

(/usr/share/texlive/texmf-dist/tex/generic/xkeyval/xkeyval.tex
\XKV@toks=\toks26
\XKV@tempa@toks=\toks27
\XKV@depth=\count136
File: xkeyval.tex 2008/08/13 v2.6a key=value parser (HA)
))
(/usr/share/texlive/texmf-dist/tex/latex/tools/multicol.sty
Package: multicol 2011/06/27 v1.7a multicolumn formatting (FMi)
\c@tracingmulticols=\count137
\mult@box=\box32
\multicol@leftmargin=\dimen149
\c@unbalance=\count138
\c@collectmore=\count139
\doublecol@number=\count140
\multicoltolerance=\count141
\multicolpretolerance=\count142
\full@width=\dimen150
\page@free=\dimen151
\premulticols=\dimen152
\postmulticols=\dimen153
\multicolsep=\skip50
\multicolbaselineskip=\skip51
\partial@page=\box33
\last@line=\box34
\mult@rightbox=\box35
\mult@grightbox=\box36
\mult@gfirstbox=\box37
\mult@firstbox=\box38
\@tempa=\box39
\@tempa=\box40
\@tempa=\box41
\@tempa=\box42
\@tempa=\box43
\@tempa=\box44
\@tempa=\box45
\@tempa=\box46
\@tempa=\box47
\@tempa=\box48
\@tempa=\box49
\@tempa=\box50
\@tempa=\box51
\@tempa=\box52
\@tempa=\box53
\@tempa=\box54
\@tempa=\box55
\c@columnbadness=\count143
\c@finalcolumnbadness=\count144
\last@try=\dimen154
\multicolovershoot=\dimen155
\multicolundershoot=\dimen156
\mult@nat@firstbox=\box56
\colbreak@box=\box57
\multicol@sort@counter=\count145
))
\Treball@idxfile=\write3
\openout3 = `Treball.idx'.


Writing index file Treball.idx
(/usr/share/texlive/texmf-dist/tex/latex/wrapfig/wrapfig.sty
\wrapoverhang=\dimen157
\WF@size=\dimen158
\c@WF@wrappedlines=\count146
\WF@box=\box58
\WF@everypar=\toks28
Package: wrapfig 2003/01/31  v 3.6
)
(/usr/share/texlive/texmf-dist/tex/latex/fancyhdr/fancyhdr.sty
\fancy@headwidth=\skip52
\f@ncyO@elh=\skip53
\f@ncyO@erh=\skip54
\f@ncyO@olh=\skip55
\f@ncyO@orh=\skip56
\f@ncyO@elf=\skip57
\f@ncyO@erf=\skip58
\f@ncyO@olf=\skip59
\f@ncyO@orf=\skip60
)
(/usr/share/texlive/texmf-dist/tex/latex/natbib/natbib.sty
Package: natbib 2010/09/13 8.31b (PWD, AO)
\bibhang=\skip61
\bibsep=\skip62
LaTeX Info: Redefining \cite on input line 694.
\c@NAT@ctr=\count147
) (./Treball.aux)
\openout1 = `Treball.aux'.

LaTeX Font Info:    Checking defaults for OML/cmm/m/it on input line 75.
LaTeX Font Info:    ... okay on input line 75.
LaTeX Font Info:    Checking defaults for T1/cmr/m/n on input line 75.
LaTeX Font Info:    ... okay on input line 75.
LaTeX Font Info:    Checking defaults for OT1/cmr/m/n on input line 75.
LaTeX Font Info:    ... okay on input line 75.
LaTeX Font Info:    Checking defaults for OMS/cmsy/m/n on input line 75.
LaTeX Font Info:    ... okay on input line 75.
LaTeX Font Info:    Checking defaults for OMX/cmex/m/n on input line 75.
LaTeX Font Info:    ... okay on input line 75.
LaTeX Font Info:    Checking defaults for U/cmr/m/n on input line 75.
LaTeX Font Info:    ... okay on input line 75.
LaTeX Font Info:    Checking defaults for PD1/pdf/m/n on input line 75.
LaTeX Font Info:    ... okay on input line 75.
LaTeX Info: Redefining \l on input line 75.
LaTeX Info: Redefining \L on input line 75.
\AtBeginShipoutBox=\box59
Package hyperref Info: Link coloring OFF on input line 75.

(/usr/share/texlive/texmf-dist/tex/latex/hyperref/nameref.sty
Package: nameref 2010/04/30 v2.40 Cross-referencing by name of section

(/usr/share/texlive/texmf-dist/tex/generic/oberdiek/gettitlestring.sty
Package: gettitlestring 2010/12/03 v1.4 Cleanup title references (HO)
)
\c@section@level=\count148
)
LaTeX Info: Redefining \ref on input line 75.
LaTeX Info: Redefining \pageref on input line 75.
LaTeX Info: Redefining \nameref on input line 75.

(./Treball.out) (./Treball.out)
\@outlinefile=\write4
\openout4 = `Treball.out'.


(/usr/share/texlive/texmf-dist/tex/context/base/supp-pdf.mkii
[Loading MPS to PDF converter (version 2006.09.02).]
\scratchcounter=\count149
\scratchdimen=\dimen159
\scratchbox=\box60
\nofMPsegments=\count150
\nofMParguments=\count151
\everyMPshowfont=\toks29
\MPscratchCnt=\count152
\MPscratchDim=\dimen160
\MPnumerator=\count153
\makeMPintoPDFobject=\count154
\everyMPtoPDFconversion=\toks30
) (/usr/share/texlive/texmf-dist/tex/latex/oberdiek/epstopdf-base.sty
Package: epstopdf-base 2010/02/09 v2.5 Base part for package epstopdf

(/usr/share/texlive/texmf-dist/tex/latex/oberdiek/grfext.sty
Package: grfext 2010/08/19 v1.1 Manage graphics extensions (HO)
)
Package grfext Info: Graphics extension search list:
(grfext)             [.png,.pdf,.jpg,.mps,.jpeg,.jbig2,.jb2,.PNG,.PDF,.JPG,.JPE
G,.JBIG2,.JB2,.eps]
(grfext)             \AppendGraphicsExtensions on input line 452.

(/usr/share/texlive/texmf-dist/tex/latex/latexconfig/epstopdf-sys.cfg
File: epstopdf-sys.cfg 2010/07/13 v1.3 Configuration of (r)epstopdf for TeX Liv
e
))
Package caption Info: Begin \AtBeginDocument code.
Package caption Info: float package is loaded.
Package caption Info: wrapfig package is loaded.
Package caption Info: End \AtBeginDocument code.

*geometry* driver: auto-detecting
*geometry* detected driver: pdftex
*geometry* verbose mode - [ preamble ] result:
* driver: pdftex
* paper: a4paper
* layout: <same size as paper>
* layoutoffset:(h,v)=(0.0pt,0.0pt)
* modes: twoside 
* h-part:(L,W,R)=(71.13188pt, 455.24411pt, 71.13188pt)
* v-part:(T,H,B)=(71.13188pt, 702.78308pt, 71.13188pt)
* \paperwidth=597.50787pt
* \paperheight=845.04684pt
* \textwidth=455.24411pt
* \textheight=690.0pt
* \oddsidemargin=-1.1381pt
* \evensidemargin=-1.1381pt
* \topmargin=-38.1381pt
* \headheight=15.0pt
* \headsep=25.0pt
* \topskip=12.0pt
* \footskip=60.0pt
* \marginparwidth=85.0pt
* \marginparsep=10.0pt
* \columnsep=10.0pt
* \skip\footins=10.8pt plus 4.0pt minus 2.0pt
* \hoffset=0.0pt
* \voffset=0.0pt
* \mag=1000
* \@twocolumnfalse
* \@twosidetrue
* \@mparswitchtrue
* \@reversemarginfalse
* (1in=72.27pt=25.4mm, 1cm=28.453pt)

LaTeX Font Info:    Try loading font information for U+msa on input line 77.
(/usr/share/texlive/texmf-dist/tex/latex/amsfonts/umsa.fd
File: umsa.fd 2009/06/22 v3.00 AMS symbols A
)
LaTeX Font Info:    Try loading font information for U+msb on input line 77.

(/usr/share/texlive/texmf-dist/tex/latex/amsfonts/umsb.fd
File: umsb.fd 2009/06/22 v3.00 AMS symbols B
)
<Imatges/ERS7.jpg, id=210, 909.3975pt x 990.70125pt>
File: Imatges/ERS7.jpg Graphic file (type jpg)
 <use Imatges/ERS7.jpg>
Package pdftex.def Info: Imatges/ERS7.jpg used on input line 80.
(pdftex.def)             Requested size: 90.94507pt x 99.07593pt.

[1

{/var/lib/texmf/fonts/map/pdftex/updmap/pdftex.map} <./Imatges/ERS7.jpg>]
[2] <Imatges/etseib.png, id=224, 65.043pt x 85.0377pt>
File: Imatges/etseib.png Graphic file (type png)

<use Imatges/etseib.png>
Package pdftex.def Info: Imatges/etseib.png used on input line 109.
(pdftex.def)             Requested size: 32.52141pt x 42.51874pt.
pdfTeX warning (ext4): destination with the same identifier (name{page.1}) has 
been already used, duplicate ignored
<to be read again> 
                   \relax 
l.109 \newpage
               [1

 <./Imatges/etseib.png>]
File: Imatges/etseib.png Graphic file (type png)
 <use Imatges/etseib.png>
Package pdftex.def Info: Imatges/etseib.png used on input line 110.
(pdftex.def)             Requested size: 32.52141pt x 42.51874pt.
pdfTeX warning (ext4): destination with the same identifier (name{page.2}) has 
been already used, duplicate ignored
<to be read again> 
                   \relax 
l.110 \cleardoublepage
                       [2

] (./Treball.toc
File: Imatges/etseib.png Graphic file (type png)
 <use Imatges/etseib.png>
Package pdftex.def Info: Imatges/etseib.png used on input line 109.
(pdftex.def)             Requested size: 32.52141pt x 42.51874pt.
 [3]
LaTeX Font Info:    Try loading font information for OMS+cmr on input line 135.


(/usr/share/texlive/texmf-dist/tex/latex/base/omscmr.fd
File: omscmr.fd 1999/05/25 v2.5h Standard LaTeX font definitions
)
LaTeX Font Info:    Font shape `OMS/cmr/bx/n' in size <12> not available
(Font)              Font shape `OMS/cmsy/b/n' tried instead on input line 135.
)
\tf@toc=\write5
\openout5 = `Treball.toc'.

File: Imatges/etseib.png Graphic file (type png)

<use Imatges/etseib.png>
Package pdftex.def Info: Imatges/etseib.png used on input line 113.
(pdftex.def)             Requested size: 32.52141pt x 42.51874pt.
 [4] (./Treball.lof)
\tf@lof=\write6
\openout6 = `Treball.lof'.

File: Imatges/etseib.png Graphic file (type png)
 <use Imatges/etseib.png>
Package pdftex.def Info: Imatges/etseib.png used on input line 115.
(pdftex.def)             Requested size: 32.52141pt x 42.51874pt.
 [5]
(./Treball.lot)
\tf@lot=\write7
\openout7 = `Treball.lot'.

File: Imatges/etseib.png Graphic file (type png)
 <use Imatges/etseib.png>
Package pdftex.def Info: Imatges/etseib.png used on input line 117.
(pdftex.def)             Requested size: 32.52141pt x 42.51874pt.
 [6]
File: Imatges/etseib.png Graphic file (type png)
 <use Imatges/etseib.png>
Package pdftex.def Info: Imatges/etseib.png used on input line 150.
(pdftex.def)             Requested size: 32.52141pt x 42.51874pt.
 [7]
File: Imatges/etseib.png Graphic file (type png)

<use Imatges/etseib.png>
Package pdftex.def Info: Imatges/etseib.png used on input line 153.
(pdftex.def)             Requested size: 32.52141pt x 42.51874pt.
 [8]
LaTeX Font Info:    Font shape `OMS/cmr/m/n' in size <12> not available
(Font)              Font shape `OMS/cmsy/m/n' tried instead on input line 169.
File: Imatges/etseib.png Graphic file (type png)
 <use Imatges/etseib.png>
Package pdftex.def Info: Imatges/etseib.png used on input line 173.
(pdftex.def)             Requested size: 32.52141pt x 42.51874pt.
 [9]
File: Imatges/etseib.png Graphic file (type png)

<use Imatges/etseib.png>
Package pdftex.def Info: Imatges/etseib.png used on input line 221.
(pdftex.def)             Requested size: 32.52141pt x 42.51874pt.
 [10]
<Imatges/ERS-7(front).jpg, id=412, 752.8125pt x 374.39874pt>
File: Imatges/ERS-7(front).jpg Graphic file (type jpg)

<use Imatges/ERS-7(front).jpg>
Package pdftex.def Info: Imatges/ERS-7(front).jpg used on input line 248.
(pdftex.def)             Requested size: 227.62206pt x 113.20598pt.

Underfull \hbox (badness 6978) in paragraph at lines 254--255
[]\OT1/cmr/m/n/12 Targeta in-ter-na de mem^^Roria lec-tu-
 []

File: Imatges/etseib.png Graphic file (type png)
<use Imatges/etseib.png>
Package pdftex.def Info: Imatges/etseib.png used on input line 268.
(pdftex.def)             Requested size: 32.52141pt x 42.51874pt.
 [11]
<Imatges/ERS-7(back).jpg, id=427, 702.625pt x 346.29375pt>
File: Imatges/ERS-7(back).jpg Graphic file (type jpg)

<use Imatges/ERS-7(back).jpg>
Package pdftex.def Info: Imatges/ERS-7(back).jpg used on input line 270.
(pdftex.def)             Requested size: 227.62206pt x 112.18481pt.

Underfull \hbox (badness 3601) in paragraph at lines 281--282
[]\OT1/cmr/m/n/12 Resolucions: $208 \OMS/cmsy/m/n/12 ^^B \OT1/cmr/m/n/12 160\OM
L/cmm/m/it/12 ; \OT1/cmr/m/n/12 104 \OMS/cmsy/m/n/12 ^^B
 []

<Imatges/ERS-7(stomach).pdf, id=430, 465.02533pt x 427.5433pt>
File: Imatges/ERS-7(stomach).pdf Graphic file (type pdf)

<use Imatges/ERS-7(stomach).pdf>
Package pdftex.def Info: Imatges/ERS-7(stomach).pdf used on input line 288.
(pdftex.def)             Requested size: 227.62206pt x 209.27623pt.

Underfull \vbox (badness 10000) has occurred while \output is active []

File: Imatges/etseib.png Graphic file (type png)

<use Imatges/etseib.png>
Package pdftex.def Info: Imatges/etseib.png used on input line 300.
(pdftex.def)             Requested size: 32.52141pt x 42.51874pt.
 [12 <./Imatges/ERS-7(front).jpg> <./Imatges/ERS-7(back).jpg>]
File: Imatges/etseib.png Graphic file (type png)
 <use Imatges/etseib.png>
Package pdftex.def Info: Imatges/etseib.png used on input line 349.
(pdftex.def)             Requested size: 32.52141pt x 42.51874pt.
 [13 <./Imatges/ERS-7(stomach).pdf>]
File: Imatges/etseib.png Graphic file (type png)

<use Imatges/etseib.png>
Package pdftex.def Info: Imatges/etseib.png used on input line 370.
(pdftex.def)             Requested size: 32.52141pt x 42.51874pt.
 [14]
File: Imatges/etseib.png Graphic file (type png)
 <use Imatges/etseib.png>
Package pdftex.def Info: Imatges/etseib.png used on input line 395.
(pdftex.def)             Requested size: 32.52141pt x 42.51874pt.
 [15]
File: Imatges/etseib.png Graphic file (type png)

<use Imatges/etseib.png>
Package pdftex.def Info: Imatges/etseib.png used on input line 415.
(pdftex.def)             Requested size: 32.52141pt x 42.51874pt.
 [16]
<Imatges/REEM-C.jpg, id=488, 603.25375pt x 903.375pt>
File: Imatges/REEM-C.jpg Graphic file (type jpg)
 <use Imatges/REEM-C.jpg>
Package pdftex.def Info: Imatges/REEM-C.jpg used on input line 451.
(pdftex.def)             Requested size: 88.07051pt x 131.8751pt.

Underfull \hbox (badness 10000) in paragraph at lines 460--464

 []

File: Imatges/etseib.png Graphic file (type png)
<use Imatges/etseib.png>
Package pdftex.def Info: Imatges/etseib.png used on input line 465.
(pdftex.def)             Requested size: 32.52141pt x 42.51874pt.
 [17 <./Imatges/REEM-C.jpg>]
<Imatges/BigDog.png, id=504, 602.25pt x 395.4775pt>
File: Imatges/BigDog.png Graphic file (type png)
 <use Imatges/BigDog.png>
Package pdftex.def Info: Imatges/BigDog.png used on input line 469.
(pdftex.def)             Requested size: 120.0967pt x 78.85875pt.

<Imatges/LittleDog.png, id=514, 486.81876pt x 337.26pt>
File: Imatges/LittleDog.png Graphic file (type png)

<use Imatges/LittleDog.png>
Package pdftex.def Info: Imatges/LittleDog.png used on input line 479.
(pdftex.def)             Requested size: 120.0967pt x 83.19807pt.

Underfull \hbox (badness 10000) in paragraph at lines 476--484

 []

File: Imatges/etseib.png Graphic file (type png)
<use Imatges/etseib.png>
Package pdftex.def Info: Imatges/etseib.png used on input line 490.
(pdftex.def)             Requested size: 32.52141pt x 42.51874pt.
 [18 <./Imatges/BigDog.png> <./Imatges/LittleDog.png>]
File: Imatges/etseib.png Graphic file (type png)

<use Imatges/etseib.png>
Package pdftex.def Info: Imatges/etseib.png used on input line 512.
(pdftex.def)             Requested size: 32.52141pt x 42.51874pt.
 [19]
<Imatges/arquitectures-d'aprenentatge.png, id=559, 814.04124pt x 561.09625pt>
File: Imatges/arquitectures-d'aprenentatge.png Graphic file (type png)

<use Imatges/arquitectures-d'aprenentatge.png>
Package pdftex.def Info: Imatges/arquitectures-d'aprenentatge.png used on input
 line 567.
(pdftex.def)             Requested size: 407.01962pt x 280.54744pt.
File: Imatges/etseib.png Graphic file (type png)
 <use Imatges/etseib.png>
Package pdftex.def Info: Imatges/etseib.png used on input line 574.
(pdftex.def)             Requested size: 32.52141pt x 42.51874pt.

[20]
File: Imatges/etseib.png Graphic file (type png)
 <use Imatges/etseib.png>
Package pdftex.def Info: Imatges/etseib.png used on input line 583.
(pdftex.def)             Requested size: 32.52141pt x 42.51874pt.
 [21 <./Imatges/arquitectures-d'aprenentatge.png>]
Overfull \hbox (26.17276pt too wide) in paragraph at lines 585--586
\OT1/cmr/m/n/12 Ai-bo, dis-se-nyat en [[]]. Aquest t^^Se im-ple-men-tat l'es-tr
uc-tu-ra ci-nem^^Ratica, pro-pi-e-tats din^^Ramiques[][][],
 []

File: Imatges/etseib.png Graphic file (type png)
<use Imatges/etseib.png>
Package pdftex.def Info: Imatges/etseib.png used on input line 608.
(pdftex.def)             Requested size: 32.52141pt x 42.51874pt.
 [22]
File: Imatges/etseib.png Graphic file (type png)
 <use Imatges/etseib.png>
Package pdftex.def Info: Imatges/etseib.png used on input line 626.
(pdftex.def)             Requested size: 32.52141pt x 42.51874pt.
 [23]
File: Imatges/etseib.png Graphic file (type png)

<use Imatges/etseib.png>
Package pdftex.def Info: Imatges/etseib.png used on input line 661.
(pdftex.def)             Requested size: 32.52141pt x 42.51874pt.
 [24]
File: Imatges/etseib.png Graphic file (type png)
 <use Imatges/etseib.png>
Package pdftex.def Info: Imatges/etseib.png used on input line 674.
(pdftex.def)             Requested size: 32.52141pt x 42.51874pt.
 [25]
File: Imatges/etseib.png Graphic file (type png)

<use Imatges/etseib.png>
Package pdftex.def Info: Imatges/etseib.png used on input line 694.
(pdftex.def)             Requested size: 32.52141pt x 42.51874pt.
 [26]
<Imatges/gaussians-sum.png, id=687, 250.68657pt x 110.66344pt>
File: Imatges/gaussians-sum.png Graphic file (type png)

<use Imatges/gaussians-sum.png>
Package pdftex.def Info: Imatges/gaussians-sum.png used on input line 701.
(pdftex.def)             Requested size: 218.51521pt x 96.46552pt.

<Imatges/DMP-with-gaussians.jpg, id=690, 289.08pt x 142.5325pt>
File: Imatges/DMP-with-gaussians.jpg Graphic file (type jpg)

<use Imatges/DMP-with-gaussians.jpg>
Package pdftex.def Info: Imatges/DMP-with-gaussians.jpg used on input line 706.

(pdftex.def)             Requested size: 218.51521pt x 107.73859pt.

<Imatges/effect-of-shape-parameters.png, id=693, 544.0325pt x 310.15875pt>
File: Imatges/effect-of-shape-parameters.png Graphic file (type png)

<use Imatges/effect-of-shape-parameters.png>
Package pdftex.def Info: Imatges/effect-of-shape-parameters.png used on input l
ine 717.
(pdftex.def)             Requested size: 295.90588pt x 168.70424pt.


LaTeX Warning: `h' float specifier changed to `ht'.

File: Imatges/etseib.png Graphic file (type png)
<use Imatges/etseib.png>
Package pdftex.def Info: Imatges/etseib.png used on input line 731.
(pdftex.def)             Requested size: 32.52141pt x 42.51874pt.
 [27 <./Imatges/gaussians-sum.png (PNG copy)> <./Imatges/DMP-with-gaussians.jpg
>]

Package wrapfig Warning: wrapfigure used inside a conflicting environment on in
put line 732.

<Imatges/DMP-modified-algorism.png, id=706, 1030.85126pt x 707.64375pt>
File: Imatges/DMP-modified-algorism.png Graphic file (type png)

<use Imatges/DMP-modified-algorism.png>
Package pdftex.def Info: Imatges/DMP-modified-algorism.png used on input line 7
34.
(pdftex.def)             Requested size: 227.62206pt x 156.25438pt.


Package hyperref Warning: Token not allowed in a PDF string (PDFDocEncoding):
(hyperref)                removing `math shift' on input line 746.


Package hyperref Warning: Token not allowed in a PDF string (PDFDocEncoding):
(hyperref)                removing `superscript' on input line 746.


Package hyperref Warning: Token not allowed in a PDF string (PDFDocEncoding):
(hyperref)                removing `math shift' on input line 746.


Underfull \vbox (badness 2707) has occurred while \output is active []

File: Imatges/etseib.png Graphic file (type png)

<use Imatges/etseib.png>
Package pdftex.def Info: Imatges/etseib.png used on input line 752.
(pdftex.def)             Requested size: 32.52141pt x 42.51874pt.
 [28 <./Imatges/effect-of-shape-parameters.png> <./Imatges/DMP-modified-algoris
m.png>]
<Imatges/policy-improvement-loop.png, id=730, 912.40875pt x 261.97874pt>
File: Imatges/policy-improvement-loop.png Graphic file (type png)

<use Imatges/policy-improvement-loop.png>
Package pdftex.def Info: Imatges/policy-improvement-loop.png used on input line
 768.
(pdftex.def)             Requested size: 227.62206pt x 65.35461pt.
File: Imatges/etseib.png Graphic file (type png)
 <use Imatges/etseib.png>
Package pdftex.def Info: Imatges/etseib.png used on input line 778.
(pdftex.def)             Requested size: 32.52141pt x 42.51874pt.
 [29 <./Imatges/policy-improvement-loop.png>]
File: Imatges/etseib.png Graphic file (type png)
 <use Imatges/etseib.png>
Package pdftex.def Info: Imatges/etseib.png used on input line 805.
(pdftex.def)             Requested size: 32.52141pt x 42.51874pt.
 [30]
File: Imatges/etseib.png Graphic file (type png)

<use Imatges/etseib.png>
Package pdftex.def Info: Imatges/etseib.png used on input line 808.
(pdftex.def)             Requested size: 32.52141pt x 42.51874pt.
 [31]
File: Imatges/etseib.png Graphic file (type png)
 <use Imatges/etseib.png>
Package pdftex.def Info: Imatges/etseib.png used on input line 844.
(pdftex.def)             Requested size: 32.52141pt x 42.51874pt.
 [32]
File: Imatges/etseib.png Graphic file (type png)

<use Imatges/etseib.png>
Package pdftex.def Info: Imatges/etseib.png used on input line 865.
(pdftex.def)             Requested size: 32.52141pt x 42.51874pt.
 [33]
File: Imatges/etseib.png Graphic file (type png)
 <use Imatges/etseib.png>
Package pdftex.def Info: Imatges/etseib.png used on input line 878.
(pdftex.def)             Requested size: 32.52141pt x 42.51874pt.
 [34]

Package natbib Warning: Citation `Shadmehr2004' on page 35 undefined on input l
ine 878.


LaTeX Warning: Reference `fig:LdF-trajectories' on page 35 undefined on input l
ine 880.

<Imatges/Aprenentatge-per-demostracio.pdf, id=805, 794.87375pt x 203.00844pt>
File: Imatges/Aprenentatge-per-demostracio.pdf Graphic file (type pdf)

<use Imatges/Aprenentatge-per-demostracio.pdf>
Package pdftex.def Info: Imatges/Aprenentatge-per-demostracio.pdf used on input
 line 883.
(pdftex.def)             Requested size: 441.58734pt x 112.78252pt.
File: Imatges/etseib.png Graphic file (type png)
 <use Imatges/etseib.png>
Package pdftex.def Info: Imatges/etseib.png used on input line 914.
(pdftex.def)             Requested size: 32.52141pt x 42.51874pt.

[35 <./Imatges/Aprenentatge-per-demostracio.pdf>]
File: Imatges/etseib.png Graphic file (type png)
 <use Imatges/etseib.png>
Package pdftex.def Info: Imatges/etseib.png used on input line 914.
(pdftex.def)             Requested size: 32.52141pt x 42.51874pt.

[36]

Package natbib Warning: Citation `Rowberg' on page 37 undefined on input line 9
33.

File: Imatges/etseib.png Graphic file (type png)
<use Imatges/etseib.png>
Package pdftex.def Info: Imatges/etseib.png used on input line 944.
(pdftex.def)             Requested size: 32.52141pt x 42.51874pt.
 [37]

Package natbib Warning: Citation `Gaydou2011' on page 38 undefined on input lin
e 951.


Package natbib Warning: Citation `Lauszus2012' on page 38 undefined on input li
ne 953.

File: Imatges/etseib.png Graphic file (type png)
<use Imatges/etseib.png>
Package pdftex.def Info: Imatges/etseib.png used on input line 958.
(pdftex.def)             Requested size: 32.52141pt x 42.51874pt.
 [38]
<Imatges/esquema-comunicacio-ROS-Aibo-ordenadora.pdf, id=852, 845.04686pt x 597
.50786pt>
File: Imatges/esquema-comunicacio-ROS-Aibo-ordenadora.pdf Graphic file (type pd
f)
 <use Imatges/esquema-comunicacio-ROS-Aibo-ordenadora.pdf>
Package pdftex.def Info: Imatges/esquema-comunicacio-ROS-Aibo-ordenadora.pdf us
ed on input line 970.
(pdftex.def)             Requested size: 364.19667pt x 257.51599pt.
File: Imatges/etseib.png Graphic file (type png)

<use Imatges/etseib.png>
Package pdftex.def Info: Imatges/etseib.png used on input line 980.
(pdftex.def)             Requested size: 32.52141pt x 42.51874pt.
 [39 <./Imatges/esquema-comunicacio-ROS-Aibo-ordenadora.pdf>]

Package hyperref Warning: Token not allowed in a PDF string (PDFDocEncoding):
(hyperref)                removing `math shift' on input line 987.


Package hyperref Warning: Token not allowed in a PDF string (PDFDocEncoding):
(hyperref)                removing `superscript' on input line 987.


Package hyperref Warning: Token not allowed in a PDF string (PDFDocEncoding):
(hyperref)                removing `math shift' on input line 987.


Package hyperref Warning: Token not allowed in a PDF string (PDFDocEncoding):
(hyperref)                removing `math shift' on input line 989.


Package hyperref Warning: Token not allowed in a PDF string (PDFDocEncoding):
(hyperref)                removing `superscript' on input line 989.


Package hyperref Warning: Token not allowed in a PDF string (PDFDocEncoding):
(hyperref)                removing `math shift' on input line 989.

File: Imatges/etseib.png Graphic file (type png)
<use Imatges/etseib.png>
Package pdftex.def Info: Imatges/etseib.png used on input line 995.
(pdftex.def)             Requested size: 32.52141pt x 42.51874pt.
 [40]
File: Imatges/etseib.png Graphic file (type png)
 <use Imatges/etseib.png>
Package pdftex.def Info: Imatges/etseib.png used on input line 1001.
(pdftex.def)             Requested size: 32.52141pt x 42.51874pt.
 [41]
File: Imatges/etseib.png Graphic file (type png)

<use Imatges/etseib.png>
Package pdftex.def Info: Imatges/etseib.png used on input line 1005.
(pdftex.def)             Requested size: 32.52141pt x 42.51874pt.
 [42] (./Treball.bbl
Underfull \hbox (badness 1454) in paragraph at lines 19--27
\OT1/cmr/m/it/12 Mac-hi-ne Le-ar-ning)\OT1/cmr/m/n/12 , vo-lu-me 5.  2004.  ISB
N 0262012111.  doi: $10 . 1007 /
 []


Underfull \hbox (badness 1354) in paragraph at lines 52--59
[]\OT1/cmr/m/n/12 Matthieu Cord and P^^Sadraig Cun-ning-ham.  \OT1/cmr/m/it/12 
Mac-hi-ne le-ar-ning tech-ni-ques for
 []


Underfull \hbox (badness 7704) in paragraph at lines 52--59
\OT1/cmr/m/it/12 mul-ti-me-dia\OT1/cmr/m/n/12 .  2008.  URL []$\OT1/cmtt/m/n/12
 ftp : / / icksie . no-[]ip . org / EBooks / Computers /
 []


Underfull \hbox (badness 10000) in paragraph at lines 52--59
\OT1/cmtt/m/n/12 ArtificialIntelligence / Semi-[]supervisedlearning . pdfftp : 
/ / icksie . no-[]ip .
 []


Underfull \hbox (badness 10000) in paragraph at lines 52--59
\OT1/cmtt/m/n/12 org / EBooks / Computers / ArtificialIntelligence / Cord _ Cun
ningham-[]Machine _
 []


Underfull \hbox (badness 10000) in paragraph at lines 88--93
[]\OT1/cmr/m/n/12 Philipp Hen-nig.  Op-ti-mal Rein-for-ce-ment Le-ar-ning for G
aus-si-an Sys-
 []


Underfull \hbox (badness 3724) in paragraph at lines 88--93
\OT1/cmr/m/n/12 tems.  \OT1/cmr/m/it/12 NIPS\OT1/cmr/m/n/12 , pa-ges 1--9, 2011
.  URL []$\OT1/cmtt/m/n/12 https : / / papers . nips . cc / paper /
 []

File: Imatges/etseib.png Graphic file (type png)
<use Imatges/etseib.png>
Package pdftex.def Info: Imatges/etseib.png used on input line 93.
(pdftex.def)             Requested size: 32.52141pt x 42.51874pt.
 [43]
Underfull \hbox (badness 1400) in paragraph at lines 154--161
\OT1/cmr/m/it/12 ce-ment Le-ar-ning\OT1/cmr/m/n/12 .  PhD the-sis, Uni-ver-sity
 of Illi-nois at Urbana-Champaign,
 []


Underfull \hbox (badness 10000) in paragraph at lines 154--161
\OT1/cmr/m/n/12 2004.  URL []$\OT1/cmtt/m/n/12 https : / / www . ideals . illin
ois . edu / bitstream / handle / 2142 /
 []


Underfull \hbox (badness 10000) in paragraph at lines 154--161
\OT1/cmtt/m/n/12 10797 / TheoryandApplicationofRewardShapinginReinforcementLear
ning . pdf ?
 []

File: Imatges/etseib.png Graphic file (type png)
<use Imatges/etseib.png>
Package pdftex.def Info: Imatges/etseib.png used on input line 169.
(pdftex.def)             Requested size: 32.52141pt x 42.51874pt.
 [44]
File: Imatges/etseib.png Graphic file (type png)
 <use Imatges/etseib.png>
Package pdftex.def Info: Imatges/etseib.png used on input line 243.
(pdftex.def)             Requested size: 32.52141pt x 42.51874pt.
 [45]
Underfull \hbox (badness 2205) in paragraph at lines 315--324
[]\OT1/cmr/m/n/12 Elmar a R^^?uckert, Ger-hard Neu-mann, Marc Tous-saint, and W
olf-gang Ma-
 []


Underfull \hbox (badness 2941) in paragraph at lines 315--324
\OT1/cmr/m/n/12 ass.  Le-ar-ned grap-hi-cal mo-dels for pro-ba-bi-lis-tic plan-
ning pro-vi-de a new
 []


Underfull \hbox (badness 2343) in paragraph at lines 315--324
\OT1/cmr/m/n/12 class of mo-ve-ment pri-mi-ti-ves.  \OT1/cmr/m/it/12 Fron-ti-er
s in com-pu-ta-ti-o-nal neu-ros-ci-en-ce\OT1/cmr/m/n/12 , 6
 []


Underfull \hbox (badness 2285) in paragraph at lines 315--324
\OT1/cmr/m/n/12 (January):97, Ja-nu-ary 2012.  ISSN 1662-5188.  doi: $10 . 3389
 / fncom . 2012 .
 []

File: Imatges/etseib.png Graphic file (type png)
<use Imatges/etseib.png>
Package pdftex.def Info: Imatges/etseib.png used on input line 324.
(pdftex.def)             Requested size: 32.52141pt x 42.51874pt.
 [46])
File: Imatges/etseib.png Graphic file (type png)
 <use Imatges/etseib.png>
Package pdftex.def Info: Imatges/etseib.png used on input line 1014.
(pdftex.def)             Requested size: 32.52141pt x 42.51874pt.
 [47]
LaTeX Font Info:    Font shape `OMS/cmr/bx/n' in size <17.28> not available
(Font)              Font shape `OMS/cmsy/b/n' tried instead on input line 1018.


Overfull \hbox (6.3808pt too wide) in paragraph at lines 1024--1026
\OT1/cmtt/m/n/12 sudo sh -c 'echo "deb http://packages.ros.org/ros/ubuntu preci
se main" 
 []


Overfull \hbox (7.75209pt too wide) in paragraph at lines 1050--1050
[][][]$\OT1/cmtt/m/n/10 http : / / www . gostai . com / downloads / urbi / 1 . 
5 / urbi-[]sdk-[]1 . 5-[]l0258c7a-[]i486-[]linux-[]gnu-[]gcc-[]4 .
 []


Underfull \hbox (badness 10000) in paragraph at lines 1050--1051

 []

File: Imatges/etseib.png Graphic file (type png)
<use Imatges/etseib.png>
Package pdftex.def Info: Imatges/etseib.png used on input line 1051.
(pdftex.def)             Requested size: 32.52141pt x 42.51874pt.
 [48

]

Package natbib Warning: There were undefined citations.

Package atveryend Info: Empty hook `BeforeClearDocument' on input line 1060.
File: Imatges/etseib.png Graphic file (type png)
<use Imatges/etseib.png>
Package pdftex.def Info: Imatges/etseib.png used on input line 1060.
(pdftex.def)             Requested size: 32.52141pt x 42.51874pt.
 [49]
Package atveryend Info: Empty hook `AfterLastShipout' on input line 1060.
 (./Treball.aux)
Package atveryend Info: Executing hook `AtVeryEndDocument' on input line 1060.
Package atveryend Info: Executing hook `AtEndAfterFileList' on input line 1060.



Package rerunfilecheck Warning: File `Treball.out' has changed.
(rerunfilecheck)                Rerun to get outlines right
(rerunfilecheck)                or use package `bookmark'.

Package rerunfilecheck Info: Checksums for `Treball.out':
(rerunfilecheck)             Before: AC56F6921BFF54CDE94203F35CF75D05;3622
(rerunfilecheck)             After:  9D673DA9182487C1013372A08B661F55;3622.

LaTeX Warning: There were undefined references.


LaTeX Warning: Label(s) may have changed. Rerun to get cross-references right.

Package atveryend Info: Empty hook `AtVeryVeryEnd' on input line 1060.
 ) 
Here is how much of TeX's memory you used:
 10182 strings out of 493493
 146050 string characters out of 3143797
 254415 words of memory out of 3000000
 12983 multiletter control sequences out of 15000+200000
 18512 words of font info for 71 fonts, out of 3000000 for 9000
 957 hyphenation exceptions out of 8191
 36i,15n,74p,1407b,578s stack positions out of 5000i,500n,10000p,200000b,50000s
pdfTeX warning (dest): name{Hfootnote.32} has been referenced but does not ex
ist, replaced by a fixed one

pdfTeX warning (dest): name{Hfootnote.31} has been referenced but does not exis
t, replaced by a fixed one

pdfTeX warning (dest): name{Hfootnote.30} has been referenced but does not exis
t, replaced by a fixed one

pdfTeX warning (dest): name{Hfootnote.29} has been referenced but does not exis
t, replaced by a fixed one

pdfTeX warning (dest): name{Hfootnote.28} has been referenced but does not exis
t, replaced by a fixed one

pdfTeX warning (dest): name{Hfootnote.27} has been referenced but does not exis
t, replaced by a fixed one

pdfTeX warning (dest): name{Hfootnote.26} has been referenced but does not exis
t, replaced by a fixed one

pdfTeX warning (dest): name{Hfootnote.25} has been referenced but does not exis
t, replaced by a fixed one

pdfTeX warning (dest): name{Hfootnote.24} has been referenced but does not exis
t, replaced by a fixed one

pdfTeX warning (dest): name{Hfootnote.23} has been referenced but does not exis
t, replaced by a fixed one

pdfTeX warning (dest): name{Hfootnote.22} has been referenced but does not exis
t, replaced by a fixed one

pdfTeX warning (dest): name{Hfootnote.21} has been referenced but does not exis
t, replaced by a fixed one

pdfTeX warning (dest): name{Hfootnote.20} has been referenced but does not exis
t, replaced by a fixed one

pdfTeX warning (dest): name{Hfootnote.19} has been referenced but does not exis
t, replaced by a fixed one

pdfTeX warning (dest): name{Hfootnote.18} has been referenced but does not exis
t, replaced by a fixed one

pdfTeX warning (dest): name{Hfootnote.17} has been referenced but does not exis
t, replaced by a fixed one

pdfTeX warning (dest): name{Hfootnote.16} has been referenced but does not exis
t, replaced by a fixed one

pdfTeX warning (dest): name{Hfootnote.15} has been referenced but does not exis
t, replaced by a fixed one

pdfTeX warning (dest): name{Hfootnote.14} has been referenced but does not exis
t, replaced by a fixed one

pdfTeX warning (dest): name{Hfootnote.13} has been referenced but does not exis
t, replaced by a fixed one

pdfTeX warning (dest): name{Hfootnote.12} has been referenced but does not exis
t, replaced by a fixed one

pdfTeX warning (dest): name{Hfootnote.11} has been referenced but does not exis
t, replaced by a fixed one

pdfTeX warning (dest): name{Hfootnote.10} has been referenced but does not exis
t, replaced by a fixed one

pdfTeX warning (dest): name{Hfootnote.9} has been referenced but does not exist
, replaced by a fixed one

pdfTeX warning (dest): name{Hfootnote.8} has been referenced but does not exist
, replaced by a fixed one

pdfTeX warning (dest): name{Hfootnote.7} has been referenced but does not exist
, replaced by a fixed one

pdfTeX warning (dest): name{Hfootnote.6} has been referenced but does not exist
, replaced by a fixed one

pdfTeX warning (dest): name{Hfootnote.5} has been referenced but does not exist
, replaced by a fixed one

pdfTeX warning (dest): name{Hfootnote.4} has been referenced but does not exist
, replaced by a fixed one

pdfTeX warning (dest): name{Hfootnote.3} has been referenced but does not exist
, replaced by a fixed one

pdfTeX warning (dest): name{Hfootnote.2} has been referenced but does not exist
, replaced by a fixed one

pdfTeX warning (dest): name{Hfootnote.1} has been referenced but does not exist
, replaced by a fixed one

pdfTeX warning (dest): name{figure.caption.105} has been referenced but does no
t exist, replaced by a fixed one

pdfTeX warning (dest): name{section*.108} has been referenced but does not exis
t, replaced by a fixed one

</usr/share/texlive/texmf-dist/fonts/type1/public/amsfonts/cm/cmbsy10.pfb></usr
/share/texlive/texmf-dist/fonts/type1/public/amsfonts/cm/cmbx10.pfb></usr/share
/texlive/texmf-dist/fonts/type1/public/amsfonts/cm/cmbx12.pfb></usr/share/texli
ve/texmf-dist/fonts/type1/public/amsfonts/cm/cmbx8.pfb></usr/share/texlive/texm
f-dist/fonts/type1/public/amsfonts/cm/cmbxti10.pfb></usr/share/texlive/texmf-di
st/fonts/type1/public/amsfonts/cm/cmex10.pfb></usr/share/texlive/texmf-dist/fon
ts/type1/public/amsfonts/cm/cmitt10.pfb></usr/share/texlive/texmf-dist/fonts/ty
pe1/public/amsfonts/cm/cmmi10.pfb></usr/share/texlive/texmf-dist/fonts/type1/pu
blic/amsfonts/cm/cmmi12.pfb></usr/share/texlive/texmf-dist/fonts/type1/public/a
msfonts/cm/cmmi6.pfb></usr/share/texlive/texmf-dist/fonts/type1/public/amsfonts
/cm/cmmi7.pfb></usr/share/texlive/texmf-dist/fonts/type1/public/amsfonts/cm/cmm
i8.pfb></usr/share/texlive/texmf-dist/fonts/type1/public/amsfonts/cm/cmr10.pfb>
</usr/share/texlive/texmf-dist/fonts/type1/public/amsfonts/cm/cmr12.pfb></usr/s
hare/texlive/texmf-dist/fonts/type1/public/amsfonts/cm/cmr17.pfb></usr/share/te
xlive/texmf-dist/fonts/type1/public/amsfonts/cm/cmr6.pfb></usr/share/texlive/te
xmf-dist/fonts/type1/public/amsfonts/cm/cmr7.pfb></usr/share/texlive/texmf-dist
/fonts/type1/public/amsfonts/cm/cmr8.pfb></usr/share/texlive/texmf-dist/fonts/t
ype1/public/amsfonts/cm/cmsy10.pfb></usr/share/texlive/texmf-dist/fonts/type1/p
ublic/amsfonts/cm/cmsy8.pfb></usr/share/texlive/texmf-dist/fonts/type1/public/a
msfonts/cm/cmti10.pfb></usr/share/texlive/texmf-dist/fonts/type1/public/amsfont
s/cm/cmti12.pfb></usr/share/texlive/texmf-dist/fonts/type1/public/amsfonts/cm/c
mti7.pfb></usr/share/texlive/texmf-dist/fonts/type1/public/amsfonts/cm/cmti8.pf
b></usr/share/texlive/texmf-dist/fonts/type1/public/amsfonts/cm/cmtt10.pfb></us
r/share/texlive/texmf-dist/fonts/type1/public/amsfonts/cm/cmtt12.pfb>
Output written on Treball.pdf (51 pages, 2431757 bytes).
PDF statistics:
 1672 PDF objects out of 1728 (max. 8388607)
 1384 compressed objects within 14 object streams
 323 named destinations out of 1000 (max. 500000)
 497 words of extra memory for PDF output out of 10000 (max. 10000000)

