\BOOKMARK [0][-]{section*.1}{Resum}{}% 1
\BOOKMARK [0][-]{chapter*.5}{Prefaci}{}% 2
\BOOKMARK [1][-]{section*.6}{Motivaci\363}{chapter*.5}% 3
\BOOKMARK [1][-]{section*.7}{Definici\363 del TFG}{chapter*.5}% 4
\BOOKMARK [1][-]{section*.8}{Requeriments previs}{chapter*.5}% 5
\BOOKMARK [0][-]{chapter.1}{Introducci\363}{}% 6
\BOOKMARK [1][-]{section.1.1}{Objectius}{chapter.1}% 7
\BOOKMARK [1][-]{section.1.2}{Planificaci\363}{chapter.1}% 8
\BOOKMARK [2][-]{subsection.1.2.1}{Planificaci\363 inicial}{section.1.2}% 9
\BOOKMARK [2][-]{subsection.1.2.2}{Planificaci\363 final}{section.1.2}% 10
\BOOKMARK [1][-]{section.1.3}{Pressupost}{chapter.1}% 11
\BOOKMARK [1][-]{section.1.4}{Metodologia}{chapter.1}% 12
\BOOKMARK [1][-]{section.1.5}{Abast del treball}{chapter.1}% 13
\BOOKMARK [1][-]{section.1.6}{Estat de l'art}{chapter.1}% 14
\BOOKMARK [2][-]{subsection.1.6.1}{Robot AIBO}{section.1.6}% 15
\BOOKMARK [2][-]{subsection.1.6.2}{ROS}{section.1.6}% 16
\BOOKMARK [2][-]{subsection.1.6.3}{Robots}{section.1.6}% 17
\BOOKMARK [2][-]{subsection.1.6.4}{Modelat de robots}{section.1.6}% 18
\BOOKMARK [2][-]{subsection.1.6.5}{Aprenentatge supervisat \(SL\)}{section.1.6}% 19
\BOOKMARK [2][-]{subsection.1.6.6}{Aprenentatge per refor\347 \(RL\)}{section.1.6}% 20
\BOOKMARK [2][-]{subsection.1.6.7}{DMP \(Dynamic Moviment Primitive\)}{section.1.6}% 21
\BOOKMARK [2][-]{subsection.1.6.8}{Path Integral Policy Improvement \(PI2\)}{section.1.6}% 22
\BOOKMARK [2][-]{subsection.1.6.9}{Algorismes avan\347ats}{section.1.6}% 23
\BOOKMARK [0][-]{chapter.2}{Estudis preliminars}{}% 24
\BOOKMARK [1][-]{section.2.1}{Comunicaci\363 mitjan\347ant ROS}{chapter.2}% 25
\BOOKMARK [2][-]{subsection.2.1.1}{Entre l'AIBO i ROS}{section.2.1}% 26
\BOOKMARK [2][-]{subsection.2.1.2}{Entre l'algorisme de control i ROS}{section.2.1}% 27
\BOOKMARK [2][-]{subsection.2.1.3}{Entre l'Arduino i ROS}{section.2.1}% 28
\BOOKMARK [1][-]{section.2.2}{Estabilitat}{chapter.2}% 29
\BOOKMARK [1][-]{section.2.3}{Algorismes de resposta davant pertorbacions}{chapter.2}% 30
\BOOKMARK [2][-]{subsection.2.3.1}{Model del robot}{section.2.3}% 31
\BOOKMARK [2][-]{subsection.2.3.2}{Aprenentatge supervisat}{section.2.3}% 32
\BOOKMARK [2][-]{subsection.2.3.3}{Aprenentatge per refor\347}{section.2.3}% 33
\BOOKMARK [2][-]{subsection.2.3.4}{DMP}{section.2.3}% 34
\BOOKMARK [2][-]{subsection.2.3.5}{Elecci\363 final}{section.2.3}% 35
\BOOKMARK [1][-]{section.2.4}{Codis amb DMPs implementades}{chapter.2}% 36
\BOOKMARK [2][-]{subsection.2.4.1}{DMPs de Scott Niekum}{section.2.4}% 37
\BOOKMARK [2][-]{subsection.2.4.2}{Package complert del robot PR2 del USC-CLMC}{section.2.4}% 38
\BOOKMARK [0][-]{chapter.3}{Disseny}{}% 39
\BOOKMARK [1][-]{section.3.1}{Model de l'AIBO}{chapter.3}% 40
\BOOKMARK [1][-]{section.3.2}{Moviment del centre de gravetat}{chapter.3}% 41
\BOOKMARK [2][-]{subsection.3.2.1}{Acceler\362metre MPU6050 i giroscopi GY-521}{section.3.2}% 42
\BOOKMARK [2][-]{subsection.3.2.2}{C\340lcul de la posici\363 i de la inclinaci\363}{section.3.2}% 43
\BOOKMARK [1][-]{section.3.3}{Goals de les DMPs i funci\363 recompensa}{chapter.3}% 44
\BOOKMARK [1][-]{section.3.4}{Plataforma}{chapter.3}% 45
\BOOKMARK [0][-]{chapter.4}{Funcionament i execuci\363}{}% 46
\BOOKMARK [1][-]{section.4.1}{Connexions a establir}{chapter.4}% 47
\BOOKMARK [2][-]{subsection.4.1.1}{Conjunt acceler\362metre-giroscopi}{section.4.1}% 48
\BOOKMARK [2][-]{subsection.4.1.2}{AIBO a trav\351s d'Access Point \(AP\)}{section.4.1}% 49
\BOOKMARK [1][-]{section.4.2}{Processos previs}{chapter.4}% 50
\BOOKMARK [2][-]{subsection.4.2.1}{Carrega del programa de control del CdG a Arduino}{section.4.2}% 51
\BOOKMARK [2][-]{subsection.4.2.2}{Execucions per l\355nia de comandes}{section.4.2}% 52
\BOOKMARK [1][-]{section.4.3}{Funcionament de DMPs sense PI2}{chapter.4}% 53
\BOOKMARK [1][-]{section.4.4}{Funcionament de DMPs amb PI2}{chapter.4}% 54
\BOOKMARK [0][-]{chapter.5}{Conclusions}{}% 55
\BOOKMARK [0][-]{chapter*.48}{Agra\357ments}{}% 56
\BOOKMARK [0][-]{chapter*.49}{Refer\350ncies}{}% 57
\BOOKMARK [0][-]{section*.50}{Annexos}{}% 58
\BOOKMARK [0][-]{appendix.A}{Instal\267laci\363 de ROS, llibreries d'Urbi i paquet aibo\137server}{}% 59
\BOOKMARK [0][-]{appendix.B}{Bibliografia}{}% 60
